<?xml version="1.0" encoding="UTF-8"?>
<coverage generated="1741278421096" clover="3.2.0">
  <project timestamp="1741278421096" name="All files">
    <metrics statements="4" coveredstatements="4" conditionals="3" coveredconditionals="3" methods="2" coveredmethods="2" elements="9" coveredelements="9" complexity="0" loc="4" ncloc="4" packages="1" files="1" classes="1"/>
    <file name="sum.js" path="C:\Users\jason\Desktop\Repos\JavaScript\Testing\Jest\docs\basics\sum.js">
      <metrics statements="4" coveredstatements="4" conditionals="3" coveredconditionals="3" methods="2" coveredmethods="2"/>
      <line num="1" count="1" type="cond" truecount="3" falsecount="0"/>
      <line num="2" count="1" type="stmt"/>
      <line num="3" count="1" type="stmt"/>
      <line num="4" count="1" type="stmt"/>
    </file>
  </project>
</coverage>
